/home/wes/Lowman_Project_1/path_planning_ws/install/nav_bot/lib/python3.8/site-packages/nav_bot/video_saver.py
/home/wes/Lowman_Project_1/path_planning_ws/install/nav_bot/lib/python3.8/site-packages/nav_bot/path_planning.py
/home/wes/Lowman_Project_1/path_planning_ws/install/nav_bot/lib/python3.8/site-packages/nav_bot/find_goal.py
/home/wes/Lowman_Project_1/path_planning_ws/install/nav_bot/lib/python3.8/site-packages/nav_bot/__init__.py
/home/wes/Lowman_Project_1/path_planning_ws/install/nav_bot/lib/python3.8/site-packages/nav_bot/object_comparison.py
/home/wes/Lowman_Project_1/path_planning_ws/install/nav_bot/lib/python3.8/site-packages/nav_bot/control.py
/home/wes/Lowman_Project_1/path_planning_ws/install/nav_bot/lib/python3.8/site-packages/nav_bot/drive_ugv.py
/home/wes/Lowman_Project_1/path_planning_ws/install/nav_bot/lib/python3.8/site-packages/nav_bot/mapping.py
/home/wes/Lowman_Project_1/path_planning_ws/install/nav_bot/lib/python3.8/site-packages/nav_bot/localization.py
/home/wes/Lowman_Project_1/path_planning_ws/install/nav_bot/lib/python3.8/site-packages/nav_bot/navigator.py
/home/wes/Lowman_Project_1/path_planning_ws/install/nav_bot/lib/python3.8/site-packages/nav_bot/__pycache__/video_saver.cpython-38.pyc
/home/wes/Lowman_Project_1/path_planning_ws/install/nav_bot/lib/python3.8/site-packages/nav_bot/__pycache__/path_planning.cpython-38.pyc
/home/wes/Lowman_Project_1/path_planning_ws/install/nav_bot/lib/python3.8/site-packages/nav_bot/__pycache__/find_goal.cpython-38.pyc
/home/wes/Lowman_Project_1/path_planning_ws/install/nav_bot/lib/python3.8/site-packages/nav_bot/__pycache__/__init__.cpython-38.pyc
/home/wes/Lowman_Project_1/path_planning_ws/install/nav_bot/lib/python3.8/site-packages/nav_bot/__pycache__/object_comparison.cpython-38.pyc
/home/wes/Lowman_Project_1/path_planning_ws/install/nav_bot/lib/python3.8/site-packages/nav_bot/__pycache__/control.cpython-38.pyc
/home/wes/Lowman_Project_1/path_planning_ws/install/nav_bot/lib/python3.8/site-packages/nav_bot/__pycache__/drive_ugv.cpython-38.pyc
/home/wes/Lowman_Project_1/path_planning_ws/install/nav_bot/lib/python3.8/site-packages/nav_bot/__pycache__/mapping.cpython-38.pyc
/home/wes/Lowman_Project_1/path_planning_ws/install/nav_bot/lib/python3.8/site-packages/nav_bot/__pycache__/localization.cpython-38.pyc
/home/wes/Lowman_Project_1/path_planning_ws/install/nav_bot/lib/python3.8/site-packages/nav_bot/__pycache__/navigator.cpython-38.pyc
/home/wes/Lowman_Project_1/path_planning_ws/install/nav_bot/share/ament_index/resource_index/packages/nav_bot
/home/wes/Lowman_Project_1/path_planning_ws/install/nav_bot/share/nav_bot/package.xml
/home/wes/Lowman_Project_1/path_planning_ws/install/nav_bot/share/nav_bot/launch/nav_bot_world_9.launch.py
/home/wes/Lowman_Project_1/path_planning_ws/install/nav_bot/share/nav_bot/launch/nav_bot_world_7.launch.py
/home/wes/Lowman_Project_1/path_planning_ws/install/nav_bot/share/nav_bot/launch/nav_bot_world_8.launch.py
/home/wes/Lowman_Project_1/path_planning_ws/install/nav_bot/share/nav_bot/launch/nav_bot_world_1.launch.py
/home/wes/Lowman_Project_1/path_planning_ws/install/nav_bot/share/nav_bot/launch/nav_bot_world_6.launch.py
/home/wes/Lowman_Project_1/path_planning_ws/install/nav_bot/share/nav_bot/launch/nav_bot_world_2.launch.py
/home/wes/Lowman_Project_1/path_planning_ws/install/nav_bot/share/nav_bot/launch/nav_bot_world_5.launch.py
/home/wes/Lowman_Project_1/path_planning_ws/install/nav_bot/share/nav_bot/launch/gazebo.launch.py
/home/wes/Lowman_Project_1/path_planning_ws/install/nav_bot/share/nav_bot/launch/rviz.launch.py
/home/wes/Lowman_Project_1/path_planning_ws/install/nav_bot/share/nav_bot/launch/nav_bot_world_3.launch.py
/home/wes/Lowman_Project_1/path_planning_ws/install/nav_bot/share/nav_bot/launch/nav_bot_world_4.launch.py
/home/wes/Lowman_Project_1/path_planning_ws/install/nav_bot/share/nav_bot/urdf/nav_bot.urdf
/home/wes/Lowman_Project_1/path_planning_ws/install/nav_bot/share/nav_bot/meshes/caster.stl
/home/wes/Lowman_Project_1/path_planning_ws/install/nav_bot/share/nav_bot/meshes/chassis.stl
/home/wes/Lowman_Project_1/path_planning_ws/install/nav_bot/share/nav_bot/meshes/right_wheel.stl
/home/wes/Lowman_Project_1/path_planning_ws/install/nav_bot/share/nav_bot/meshes/left_wheel.stl
/home/wes/Lowman_Project_1/path_planning_ws/install/nav_bot/share/nav_bot/worlds/world_7.world
/home/wes/Lowman_Project_1/path_planning_ws/install/nav_bot/share/nav_bot/worlds/world_6.world
/home/wes/Lowman_Project_1/path_planning_ws/install/nav_bot/share/nav_bot/worlds/world_1.world
/home/wes/Lowman_Project_1/path_planning_ws/install/nav_bot/share/nav_bot/worlds/world_8.world
/home/wes/Lowman_Project_1/path_planning_ws/install/nav_bot/share/nav_bot/worlds/world_5.world
/home/wes/Lowman_Project_1/path_planning_ws/install/nav_bot/share/nav_bot/worlds/world_3.world
/home/wes/Lowman_Project_1/path_planning_ws/install/nav_bot/share/nav_bot/worlds/world_9.world
/home/wes/Lowman_Project_1/path_planning_ws/install/nav_bot/share/nav_bot/worlds/world_4.world
/home/wes/Lowman_Project_1/path_planning_ws/install/nav_bot/share/nav_bot/worlds/world_2.world
/home/wes/Lowman_Project_1/path_planning_ws/install/nav_bot/lib/python3.8/site-packages/nav_bot-0.0.0-py3.8.egg-info/requires.txt
/home/wes/Lowman_Project_1/path_planning_ws/install/nav_bot/lib/python3.8/site-packages/nav_bot-0.0.0-py3.8.egg-info/dependency_links.txt
/home/wes/Lowman_Project_1/path_planning_ws/install/nav_bot/lib/python3.8/site-packages/nav_bot-0.0.0-py3.8.egg-info/SOURCES.txt
/home/wes/Lowman_Project_1/path_planning_ws/install/nav_bot/lib/python3.8/site-packages/nav_bot-0.0.0-py3.8.egg-info/entry_points.txt
/home/wes/Lowman_Project_1/path_planning_ws/install/nav_bot/lib/python3.8/site-packages/nav_bot-0.0.0-py3.8.egg-info/zip-safe
/home/wes/Lowman_Project_1/path_planning_ws/install/nav_bot/lib/python3.8/site-packages/nav_bot-0.0.0-py3.8.egg-info/top_level.txt
/home/wes/Lowman_Project_1/path_planning_ws/install/nav_bot/lib/python3.8/site-packages/nav_bot-0.0.0-py3.8.egg-info/PKG-INFO
/home/wes/Lowman_Project_1/path_planning_ws/install/nav_bot/lib/nav_bot/drive_ugv
/home/wes/Lowman_Project_1/path_planning_ws/install/nav_bot/lib/nav_bot/find_goal
/home/wes/Lowman_Project_1/path_planning_ws/install/nav_bot/lib/nav_bot/navigator
/home/wes/Lowman_Project_1/path_planning_ws/install/nav_bot/lib/nav_bot/video_saver
